<?xml version="1.0" encoding="UTF-8"?>
<!-- Generated by org.testng.reporters.JUnitReportReporter -->
<testsuite skipped="0" hostname="admin-PC" name="com.Wonderwe.TestCases.TC_001_HomePage" tests="1" failures="0" timestamp="26 May 2019 03:47:48 GMT" time="10.253" errors="0">
  <testcase name="Title" time="10.253" classname="com.Wonderwe.TestCases.TC_001_HomePage"/>
</testsuite> <!-- com.Wonderwe.TestCases.TC_001_HomePage -->
